{"/Users/xinmingliu/Documents/MyProjects/ingredient-health-scan/server/src/config/database.js": {"path":"/Users/xinmingliu/Documents/MyProjects/ingredient-health-scan/server/src/config/database.js","statementMap":{"0":{"start":{"line":6,"column":0},"end":{"line":6,"column":16}},"1":{"start":{"line":9,"column":15},"end":{"line":21,"column":2}},"2":{"start":{"line":14,"column":6},"end":{"line":14,"column":49}},"3":{"start":{"line":24,"column":18},"end":{"line":33,"column":1}},"4":{"start":{"line":25,"column":2},"end":{"line":32,"column":3}},"5":{"start":{"line":26,"column":16},"end":{"line":26,"column":86}},"6":{"start":{"line":27,"column":4},"end":{"line":27,"column":32}},"7":{"start":{"line":28,"column":4},"end":{"line":28,"column":32}},"8":{"start":{"line":30,"column":4},"end":{"line":30,"column":51}},"9":{"start":{"line":31,"column":4},"end":{"line":31,"column":20}}},"fnMap":{"0":{"name":"(anonymous_0)","decl":{"start":{"line":13,"column":26},"end":{"line":13,"column":27}},"loc":{"start":{"line":13,"column":61},"end":{"line":15,"column":5}},"line":13},"1":{"name":"(anonymous_1)","decl":{"start":{"line":24,"column":18},"end":{"line":24,"column":19}},"loc":{"start":{"line":24,"column":30},"end":{"line":33,"column":1}},"line":24}},"branchMap":{"0":{"loc":{"start":{"line":26,"column":16},"end":{"line":26,"column":86}},"type":"binary-expr","locations":[{"start":{"line":26,"column":16},"end":{"line":26,"column":39}},{"start":{"line":26,"column":43},"end":{"line":26,"column":86}}],"line":26}},"s":{"0":1,"1":1,"2":8,"3":1,"4":0,"5":0,"6":0,"7":0,"8":0,"9":0},"f":{"0":8,"1":0},"b":{"0":[0,0]},"inputSourceMap":null,"_coverageSchema":"1a1c01bbd47fc00a2c39e90264f33305004495a9","hash":"17665f129df73b85a7e8347730e3de02488f903a"}
,"/Users/xinmingliu/Documents/MyProjects/ingredient-health-scan/server/src/services/vlmService.js": {"path":"/Users/xinmingliu/Documents/MyProjects/ingredient-health-scan/server/src/services/vlmService.js","statementMap":{"0":{"start":{"line":6,"column":0},"end":{"line":6,"column":16}},"1":{"start":{"line":9,"column":15},"end":{"line":12,"column":2}},"2":{"start":{"line":20,"column":2},"end":{"line":67,"column":3}},"3":{"start":{"line":21,"column":4},"end":{"line":21,"column":39}},"4":{"start":{"line":24,"column":19},"end":{"line":37,"column":2}},"5":{"start":{"line":40,"column":21},"end":{"line":58,"column":6}},"6":{"start":{"line":61,"column":19},"end":{"line":61,"column":54}},"7":{"start":{"line":62,"column":4},"end":{"line":62,"column":26}},"8":{"start":{"line":63,"column":4},"end":{"line":63,"column":18}},"9":{"start":{"line":65,"column":4},"end":{"line":65,"column":45}},"10":{"start":{"line":66,"column":4},"end":{"line":66,"column":48}},"11":{"start":{"line":76,"column":2},"end":{"line":109,"column":3}},"12":{"start":{"line":77,"column":4},"end":{"line":77,"column":28}},"13":{"start":{"line":80,"column":22},"end":{"line":80,"column":52}},"14":{"start":{"line":81,"column":4},"end":{"line":83,"column":5}},"15":{"start":{"line":82,"column":6},"end":{"line":82,"column":42}},"16":{"start":{"line":86,"column":17},"end":{"line":86,"column":41}},"17":{"start":{"line":89,"column":4},"end":{"line":91,"column":5}},"18":{"start":{"line":90,"column":6},"end":{"line":90,"column":36}},"19":{"start":{"line":94,"column":4},"end":{"line":102,"column":5}},"20":{"start":{"line":96,"column":26},"end":{"line":99,"column":40}},"21":{"start":{"line":98,"column":21},"end":{"line":98,"column":32}},"22":{"start":{"line":99,"column":24},"end":{"line":99,"column":39}},"23":{"start":{"line":101,"column":6},"end":{"line":101,"column":37}},"24":{"start":{"line":104,"column":4},"end":{"line":104,"column":28}},"25":{"start":{"line":105,"column":4},"end":{"line":105,"column":16}},"26":{"start":{"line":107,"column":4},"end":{"line":107,"column":47}},"27":{"start":{"line":108,"column":4},"end":{"line":108,"column":50}}},"fnMap":{"0":{"name":"analyzeImage","decl":{"start":{"line":19,"column":15},"end":{"line":19,"column":27}},"loc":{"start":{"line":19,"column":38},"end":{"line":68,"column":1}},"line":19},"1":{"name":"parseVlmOutput","decl":{"start":{"line":75,"column":9},"end":{"line":75,"column":23}},"loc":{"start":{"line":75,"column":35},"end":{"line":110,"column":1}},"line":75},"2":{"name":"(anonymous_2)","decl":{"start":{"line":98,"column":13},"end":{"line":98,"column":14}},"loc":{"start":{"line":98,"column":21},"end":{"line":98,"column":32}},"line":98},"3":{"name":"(anonymous_3)","decl":{"start":{"line":99,"column":16},"end":{"line":99,"column":17}},"loc":{"start":{"line":99,"column":24},"end":{"line":99,"column":39}},"line":99}},"branchMap":{"0":{"loc":{"start":{"line":10,"column":11},"end":{"line":10,"column":87}},"type":"binary-expr","locations":[{"start":{"line":10,"column":11},"end":{"line":10,"column":42}},{"start":{"line":10,"column":46},"end":{"line":10,"column":87}}],"line":10},"1":{"loc":{"start":{"line":11,"column":10},"end":{"line":11,"column":82}},"type":"binary-expr","locations":[{"start":{"line":11,"column":10},"end":{"line":11,"column":40}},{"start":{"line":11,"column":44},"end":{"line":11,"column":82}}],"line":11},"2":{"loc":{"start":{"line":41,"column":13},"end":{"line":41,"column":74}},"type":"binary-expr","locations":[{"start":{"line":41,"column":13},"end":{"line":41,"column":41}},{"start":{"line":41,"column":45},"end":{"line":41,"column":74}}],"line":41},"3":{"loc":{"start":{"line":81,"column":4},"end":{"line":83,"column":5}},"type":"if","locations":[{"start":{"line":81,"column":4},"end":{"line":83,"column":5}},{"start":{},"end":{}}],"line":81},"4":{"loc":{"start":{"line":89,"column":4},"end":{"line":91,"column":5}},"type":"if","locations":[{"start":{"line":89,"column":4},"end":{"line":91,"column":5}},{"start":{},"end":{}}],"line":89},"5":{"loc":{"start":{"line":89,"column":8},"end":{"line":89,"column":79}},"type":"binary-expr","locations":[{"start":{"line":89,"column":8},"end":{"line":89,"column":19}},{"start":{"line":89,"column":23},"end":{"line":89,"column":33}},{"start":{"line":89,"column":37},"end":{"line":89,"column":54}},{"start":{"line":89,"column":58},"end":{"line":89,"column":79}}],"line":89},"6":{"loc":{"start":{"line":94,"column":4},"end":{"line":102,"column":5}},"type":"if","locations":[{"start":{"line":94,"column":4},"end":{"line":102,"column":5}},{"start":{},"end":{}}],"line":94},"7":{"loc":{"start":{"line":94,"column":8},"end":{"line":94,"column":94}},"type":"binary-expr","locations":[{"start":{"line":94,"column":8},"end":{"line":94,"column":25}},{"start":{"line":94,"column":29},"end":{"line":94,"column":61}},{"start":{"line":94,"column":65},"end":{"line":94,"column":94}}],"line":94}},"s":{"0":1,"1":1,"2":0,"3":0,"4":0,"5":0,"6":0,"7":0,"8":0,"9":0,"10":0,"11":4,"12":4,"13":4,"14":4,"15":1,"16":3,"17":3,"18":1,"19":2,"20":1,"21":5,"22":5,"23":1,"24":2,"25":2,"26":2,"27":2},"f":{"0":0,"1":4,"2":5,"3":5},"b":{"0":[1,0],"1":[1,0],"2":[0,0],"3":[1,3],"4":[1,2],"5":[3,2,2,2],"6":[1,1],"7":[2,1,1]},"inputSourceMap":null,"_coverageSchema":"1a1c01bbd47fc00a2c39e90264f33305004495a9","hash":"25eb18193f581efc9c225cce7d3477b96dcfde48"}
}
