{"/Users/xinmingliu/Documents/MyProjects/ingredient-health-scan/server/src/config/database.js": {"path":"/Users/xinmingliu/Documents/MyProjects/ingredient-health-scan/server/src/config/database.js","statementMap":{"0":{"start":{"line":6,"column":0},"end":{"line":6,"column":16}},"1":{"start":{"line":9,"column":15},"end":{"line":21,"column":2}},"2":{"start":{"line":14,"column":6},"end":{"line":14,"column":49}},"3":{"start":{"line":24,"column":19},"end":{"line":27,"column":1}},"4":{"start":{"line":30,"column":20},"end":{"line":30,"column":25}},"5":{"start":{"line":33,"column":18},"end":{"line":43,"column":1}},"6":{"start":{"line":34,"column":2},"end":{"line":42,"column":3}},"7":{"start":{"line":35,"column":16},"end":{"line":35,"column":86}},"8":{"start":{"line":36,"column":4},"end":{"line":36,"column":32}},"9":{"start":{"line":37,"column":4},"end":{"line":37,"column":32}},"10":{"start":{"line":38,"column":4},"end":{"line":38,"column":26}},"11":{"start":{"line":40,"column":4},"end":{"line":40,"column":59}},"12":{"start":{"line":41,"column":4},"end":{"line":41,"column":25}},"13":{"start":{"line":46,"column":20},"end":{"line":51,"column":1}},"14":{"start":{"line":47,"column":2},"end":{"line":50,"column":4}}},"fnMap":{"0":{"name":"(anonymous_0)","decl":{"start":{"line":13,"column":26},"end":{"line":13,"column":27}},"loc":{"start":{"line":13,"column":61},"end":{"line":15,"column":5}},"line":13},"1":{"name":"(anonymous_1)","decl":{"start":{"line":33,"column":18},"end":{"line":33,"column":19}},"loc":{"start":{"line":33,"column":30},"end":{"line":43,"column":1}},"line":33},"2":{"name":"(anonymous_2)","decl":{"start":{"line":46,"column":20},"end":{"line":46,"column":21}},"loc":{"start":{"line":46,"column":26},"end":{"line":51,"column":1}},"line":46}},"branchMap":{"0":{"loc":{"start":{"line":35,"column":16},"end":{"line":35,"column":86}},"type":"binary-expr","locations":[{"start":{"line":35,"column":16},"end":{"line":35,"column":39}},{"start":{"line":35,"column":43},"end":{"line":35,"column":86}}],"line":35}},"s":{"0":1,"1":1,"2":11,"3":1,"4":1,"5":1,"6":0,"7":0,"8":0,"9":0,"10":0,"11":0,"12":0,"13":1,"14":0},"f":{"0":11,"1":0,"2":0},"b":{"0":[0,0]},"inputSourceMap":null,"_coverageSchema":"1a1c01bbd47fc00a2c39e90264f33305004495a9","hash":"37c069b470344f1dbead898b56c85c3a5f7cb787"}
,"/Users/xinmingliu/Documents/MyProjects/ingredient-health-scan/server/src/services/productDeduplicationService.js": {"path":"/Users/xinmingliu/Documents/MyProjects/ingredient-health-scan/server/src/services/productDeduplicationService.js","statementMap":{"0":{"start":{"line":20,"column":29},"end":{"line":40,"column":1}},"1":{"start":{"line":51,"column":17},"end":{"line":60,"column":3}},"2":{"start":{"line":62,"column":2},"end":{"line":146,"column":3}},"3":{"start":{"line":64,"column":4},"end":{"line":64,"column":93}},"4":{"start":{"line":67,"column":4},"end":{"line":67,"column":90}},"5":{"start":{"line":70,"column":18},"end":{"line":70,"column":65}},"6":{"start":{"line":71,"column":18},"end":{"line":71,"column":65}},"7":{"start":{"line":72,"column":4},"end":{"line":72,"column":51}},"8":{"start":{"line":75,"column":4},"end":{"line":80,"column":5}},"9":{"start":{"line":76,"column":6},"end":{"line":79,"column":8}},"10":{"start":{"line":83,"column":20},"end":{"line":83,"column":48}},"11":{"start":{"line":84,"column":4},"end":{"line":88,"column":57}},"12":{"start":{"line":91,"column":23},"end":{"line":91,"column":54}},"13":{"start":{"line":93,"column":4},"end":{"line":102,"column":5}},"14":{"start":{"line":94,"column":6},"end":{"line":94,"column":32}},"15":{"start":{"line":95,"column":6},"end":{"line":95,"column":34}},"16":{"start":{"line":96,"column":11},"end":{"line":102,"column":5}},"17":{"start":{"line":97,"column":6},"end":{"line":97,"column":32}},"18":{"start":{"line":98,"column":6},"end":{"line":98,"column":33}},"19":{"start":{"line":99,"column":11},"end":{"line":102,"column":5}},"20":{"start":{"line":100,"column":6},"end":{"line":100,"column":32}},"21":{"start":{"line":101,"column":6},"end":{"line":101,"column":35}},"22":{"start":{"line":105,"column":32},"end":{"line":105,"column":84}},"23":{"start":{"line":106,"column":4},"end":{"line":112,"column":5}},"24":{"start":{"line":107,"column":6},"end":{"line":107,"column":32}},"25":{"start":{"line":109,"column":6},"end":{"line":111,"column":7}},"26":{"start":{"line":110,"column":8},"end":{"line":110,"column":35}},"27":{"start":{"line":115,"column":4},"end":{"line":136,"column":6}},"28":{"start":{"line":139,"column":4},"end":{"line":141,"column":5}},"29":{"start":{"line":140,"column":6},"end":{"line":140,"column":151}},"30":{"start":{"line":144,"column":4},"end":{"line":144,"column":49}},"31":{"start":{"line":145,"column":4},"end":{"line":145,"column":33}},"32":{"start":{"line":148,"column":2},"end":{"line":148,"column":16}},"33":{"start":{"line":158,"column":2},"end":{"line":221,"column":3}},"34":{"start":{"line":159,"column":4},"end":{"line":159,"column":54}},"35":{"start":{"line":161,"column":42},"end":{"line":161,"column":55}},"36":{"start":{"line":162,"column":22},"end":{"line":162,"column":24}},"37":{"start":{"line":163,"column":25},"end":{"line":163,"column":27}},"38":{"start":{"line":166,"column":4},"end":{"line":172,"column":5}},"39":{"start":{"line":167,"column":6},"end":{"line":167,"column":45}},"40":{"start":{"line":168,"column":6},"end":{"line":168,"column":51}},"41":{"start":{"line":170,"column":6},"end":{"line":170,"column":68}},"42":{"start":{"line":171,"column":6},"end":{"line":171,"column":74}},"43":{"start":{"line":174,"column":4},"end":{"line":174,"column":54}},"44":{"start":{"line":176,"column":23},"end":{"line":176,"column":25}},"45":{"start":{"line":177,"column":27},"end":{"line":177,"column":91}},"46":{"start":{"line":180,"column":4},"end":{"line":209,"column":5}},"47":{"start":{"line":180,"column":17},"end":{"line":180,"column":18}},"48":{"start":{"line":181,"column":30},"end":{"line":181,"column":44}},"49":{"start":{"line":184,"column":6},"end":{"line":186,"column":7}},"50":{"start":{"line":185,"column":8},"end":{"line":185,"column":17}},"51":{"start":{"line":189,"column":34},"end":{"line":191,"column":7}},"52":{"start":{"line":190,"column":8},"end":{"line":190,"column":67}},"53":{"start":{"line":194,"column":25},"end":{"line":199,"column":7}},"54":{"start":{"line":202,"column":6},"end":{"line":208,"column":7}},"55":{"start":{"line":203,"column":8},"end":{"line":207,"column":11}},"56":{"start":{"line":212,"column":4},"end":{"line":212,"column":95}},"57":{"start":{"line":212,"column":30},"end":{"line":212,"column":93}},"58":{"start":{"line":214,"column":4},"end":{"line":214,"column":52}},"59":{"start":{"line":216,"column":4},"end":{"line":216,"column":22}},"60":{"start":{"line":219,"column":4},"end":{"line":219,"column":48}},"61":{"start":{"line":220,"column":4},"end":{"line":220,"column":14}},"62":{"start":{"line":231,"column":2},"end":{"line":274,"column":3}},"63":{"start":{"line":232,"column":23},"end":{"line":232,"column":79}},"64":{"start":{"line":234,"column":19},"end":{"line":240,"column":5}},"65":{"start":{"line":242,"column":4},"end":{"line":262,"column":5}},"66":{"start":{"line":243,"column":24},"end":{"line":243,"column":37}},"67":{"start":{"line":244,"column":25},"end":{"line":244,"column":56}},"68":{"start":{"line":247,"column":6},"end":{"line":256,"column":7}},"69":{"start":{"line":248,"column":8},"end":{"line":248,"column":39}},"70":{"start":{"line":249,"column":8},"end":{"line":249,"column":72}},"71":{"start":{"line":250,"column":13},"end":{"line":256,"column":7}},"72":{"start":{"line":251,"column":8},"end":{"line":251,"column":40}},"73":{"start":{"line":252,"column":8},"end":{"line":252,"column":74}},"74":{"start":{"line":254,"column":8},"end":{"line":254,"column":42}},"75":{"start":{"line":255,"column":8},"end":{"line":255,"column":50}},"76":{"start":{"line":258,"column":6},"end":{"line":258,"column":68}},"77":{"start":{"line":260,"column":6},"end":{"line":260,"column":40}},"78":{"start":{"line":261,"column":6},"end":{"line":261,"column":56}},"79":{"start":{"line":264,"column":4},"end":{"line":264,"column":18}},"80":{"start":{"line":267,"column":4},"end":{"line":267,"column":48}},"81":{"start":{"line":268,"column":4},"end":{"line":273,"column":6}},"82":{"start":{"line":286,"column":17},"end":{"line":290,"column":3}},"83":{"start":{"line":292,"column":2},"end":{"line":364,"column":3}},"84":{"start":{"line":296,"column":4},"end":{"line":300,"column":5}},"85":{"start":{"line":298,"column":6},"end":{"line":298,"column":52}},"86":{"start":{"line":299,"column":6},"end":{"line":299,"column":89}},"87":{"start":{"line":303,"column":4},"end":{"line":306,"column":5}},"88":{"start":{"line":304,"column":6},"end":{"line":304,"column":50}},"89":{"start":{"line":305,"column":6},"end":{"line":305,"column":88}},"90":{"start":{"line":309,"column":35},"end":{"line":309,"column":83}},"91":{"start":{"line":310,"column":36},"end":{"line":310,"column":85}},"92":{"start":{"line":311,"column":4},"end":{"line":314,"column":5}},"93":{"start":{"line":312,"column":6},"end":{"line":312,"column":64}},"94":{"start":{"line":313,"column":6},"end":{"line":313,"column":103}},"95":{"start":{"line":317,"column":4},"end":{"line":322,"column":5}},"96":{"start":{"line":318,"column":6},"end":{"line":321,"column":7}},"97":{"start":{"line":319,"column":8},"end":{"line":319,"column":60}},"98":{"start":{"line":320,"column":8},"end":{"line":320,"column":39}},"99":{"start":{"line":325,"column":4},"end":{"line":351,"column":5}},"100":{"start":{"line":327,"column":6},"end":{"line":331,"column":7}},"101":{"start":{"line":329,"column":8},"end":{"line":329,"column":82}},"102":{"start":{"line":330,"column":8},"end":{"line":330,"column":42}},"103":{"start":{"line":334,"column":6},"end":{"line":341,"column":7}},"104":{"start":{"line":335,"column":30},"end":{"line":335,"column":90}},"105":{"start":{"line":335,"column":80},"end":{"line":335,"column":88}},"106":{"start":{"line":336,"column":31},"end":{"line":336,"column":107}},"107":{"start":{"line":336,"column":78},"end":{"line":336,"column":106}},"108":{"start":{"line":337,"column":8},"end":{"line":340,"column":9}},"109":{"start":{"line":338,"column":10},"end":{"line":338,"column":65}},"110":{"start":{"line":339,"column":10},"end":{"line":339,"column":68}},"111":{"start":{"line":344,"column":6},"end":{"line":350,"column":7}},"112":{"start":{"line":346,"column":8},"end":{"line":346,"column":74}},"113":{"start":{"line":347,"column":8},"end":{"line":347,"column":74}},"114":{"start":{"line":348,"column":8},"end":{"line":348,"column":80}},"115":{"start":{"line":349,"column":8},"end":{"line":349,"column":76}},"116":{"start":{"line":354,"column":4},"end":{"line":354,"column":42}},"117":{"start":{"line":355,"column":4},"end":{"line":357,"column":5}},"118":{"start":{"line":356,"column":6},"end":{"line":356,"column":48}},"119":{"start":{"line":359,"column":4},"end":{"line":359,"column":58}},"120":{"start":{"line":362,"column":4},"end":{"line":362,"column":48}},"121":{"start":{"line":363,"column":4},"end":{"line":363,"column":33}},"122":{"start":{"line":366,"column":2},"end":{"line":366,"column":16}},"123":{"start":{"line":380,"column":6},"end":{"line":380,"column":13}},"124":{"start":{"line":382,"column":17},"end":{"line":389,"column":3}},"125":{"start":{"line":391,"column":2},"end":{"line":512,"column":3}},"126":{"start":{"line":392,"column":4},"end":{"line":392,"column":57}},"127":{"start":{"line":394,"column":42},"end":{"line":394,"column":55}},"128":{"start":{"line":395,"column":22},"end":{"line":395,"column":24}},"129":{"start":{"line":398,"column":4},"end":{"line":402,"column":5}},"130":{"start":{"line":399,"column":6},"end":{"line":399,"column":45}},"131":{"start":{"line":401,"column":6},"end":{"line":401,"column":68}},"132":{"start":{"line":404,"column":4},"end":{"line":404,"column":51}},"133":{"start":{"line":407,"column":30},"end":{"line":407,"column":64}},"134":{"start":{"line":408,"column":28},"end":{"line":408,"column":37}},"135":{"start":{"line":409,"column":25},"end":{"line":409,"column":34}},"136":{"start":{"line":412,"column":4},"end":{"line":445,"column":5}},"137":{"start":{"line":412,"column":17},"end":{"line":412,"column":18}},"138":{"start":{"line":413,"column":23},"end":{"line":413,"column":43}},"139":{"start":{"line":414,"column":18},"end":{"line":414,"column":41}},"140":{"start":{"line":416,"column":6},"end":{"line":416,"column":42}},"141":{"start":{"line":416,"column":33},"end":{"line":416,"column":42}},"142":{"start":{"line":418,"column":25},"end":{"line":418,"column":35}},"143":{"start":{"line":420,"column":6},"end":{"line":435,"column":7}},"144":{"start":{"line":420,"column":19},"end":{"line":420,"column":24}},"145":{"start":{"line":421,"column":25},"end":{"line":421,"column":45}},"146":{"start":{"line":422,"column":20},"end":{"line":422,"column":43}},"147":{"start":{"line":424,"column":8},"end":{"line":424,"column":44}},"148":{"start":{"line":424,"column":35},"end":{"line":424,"column":44}},"149":{"start":{"line":427,"column":27},"end":{"line":427,"column":73}},"150":{"start":{"line":428,"column":32},"end":{"line":428,"column":84}},"151":{"start":{"line":430,"column":8},"end":{"line":434,"column":9}},"152":{"start":{"line":431,"column":10},"end":{"line":431,"column":36}},"153":{"start":{"line":432,"column":10},"end":{"line":432,"column":32}},"154":{"start":{"line":433,"column":10},"end":{"line":433,"column":35}},"155":{"start":{"line":437,"column":6},"end":{"line":441,"column":7}},"156":{"start":{"line":439,"column":8},"end":{"line":439,"column":81}},"157":{"start":{"line":439,"column":34},"end":{"line":439,"column":79}},"158":{"start":{"line":440,"column":8},"end":{"line":440,"column":45}},"159":{"start":{"line":443,"column":6},"end":{"line":443,"column":28}},"160":{"start":{"line":444,"column":6},"end":{"line":444,"column":25}},"161":{"start":{"line":447,"column":4},"end":{"line":447,"column":85}},"162":{"start":{"line":450,"column":4},"end":{"line":495,"column":5}},"163":{"start":{"line":451,"column":6},"end":{"line":494,"column":7}},"164":{"start":{"line":452,"column":30},"end":{"line":452,"column":43}},"165":{"start":{"line":453,"column":35},"end":{"line":453,"column":54}},"166":{"start":{"line":455,"column":8},"end":{"line":493,"column":9}},"167":{"start":{"line":456,"column":10},"end":{"line":492,"column":11}},"168":{"start":{"line":457,"column":12},"end":{"line":472,"column":13}},"169":{"start":{"line":459,"column":35},"end":{"line":459,"column":94}},"170":{"start":{"line":459,"column":70},"end":{"line":459,"column":93}},"171":{"start":{"line":460,"column":14},"end":{"line":462,"column":15}},"172":{"start":{"line":461,"column":16},"end":{"line":461,"column":60}},"173":{"start":{"line":464,"column":38},"end":{"line":464,"column":110}},"174":{"start":{"line":464,"column":78},"end":{"line":464,"column":109}},"175":{"start":{"line":465,"column":14},"end":{"line":467,"column":15}},"176":{"start":{"line":466,"column":16},"end":{"line":466,"column":66}},"177":{"start":{"line":470,"column":14},"end":{"line":470,"column":80}},"178":{"start":{"line":471,"column":14},"end":{"line":471,"column":90}},"179":{"start":{"line":474,"column":12},"end":{"line":474,"column":39}},"180":{"start":{"line":475,"column":12},"end":{"line":481,"column":15}},"181":{"start":{"line":483,"column":12},"end":{"line":483,"column":76}},"182":{"start":{"line":486,"column":12},"end":{"line":490,"column":15}},"183":{"start":{"line":491,"column":12},"end":{"line":491,"column":75}},"184":{"start":{"line":497,"column":4},"end":{"line":505,"column":6}},"185":{"start":{"line":507,"column":4},"end":{"line":507,"column":61}},"186":{"start":{"line":510,"column":4},"end":{"line":510,"column":47}},"187":{"start":{"line":511,"column":4},"end":{"line":511,"column":33}},"188":{"start":{"line":514,"column":2},"end":{"line":514,"column":16}},"189":{"start":{"line":522,"column":2},"end":{"line":578,"column":3}},"190":{"start":{"line":523,"column":42},"end":{"line":523,"column":55}},"191":{"start":{"line":524,"column":22},"end":{"line":524,"column":24}},"192":{"start":{"line":526,"column":4},"end":{"line":530,"column":5}},"193":{"start":{"line":527,"column":6},"end":{"line":527,"column":45}},"194":{"start":{"line":529,"column":6},"end":{"line":529,"column":68}},"195":{"start":{"line":532,"column":18},"end":{"line":538,"column":5}},"196":{"start":{"line":541,"column":23},"end":{"line":541,"column":55}},"197":{"start":{"line":542,"column":28},"end":{"line":542,"column":37}},"198":{"start":{"line":544,"column":4},"end":{"line":558,"column":5}},"199":{"start":{"line":544,"column":17},"end":{"line":544,"column":18}},"200":{"start":{"line":545,"column":6},"end":{"line":557,"column":7}},"201":{"start":{"line":545,"column":19},"end":{"line":545,"column":24}},"202":{"start":{"line":546,"column":27},"end":{"line":546,"column":85}},"203":{"start":{"line":548,"column":8},"end":{"line":556,"column":9}},"204":{"start":{"line":549,"column":22},"end":{"line":549,"column":67}},"205":{"start":{"line":550,"column":10},"end":{"line":554,"column":13}},"206":{"start":{"line":555,"column":10},"end":{"line":555,"column":38}},"207":{"start":{"line":560,"column":4},"end":{"line":560,"column":49}},"208":{"start":{"line":561,"column":4},"end":{"line":561,"column":97}},"209":{"start":{"line":564,"column":4},"end":{"line":571,"column":10}},"210":{"start":{"line":565,"column":22},"end":{"line":565,"column":49}},"211":{"start":{"line":567,"column":21},"end":{"line":571,"column":7}},"212":{"start":{"line":573,"column":4},"end":{"line":573,"column":17}},"213":{"start":{"line":576,"column":4},"end":{"line":576,"column":49}},"214":{"start":{"line":577,"column":4},"end":{"line":577,"column":36}}},"fnMap":{"0":{"name":"calculateProductSimilarity","decl":{"start":{"line":50,"column":16},"end":{"line":50,"column":42}},"loc":{"start":{"line":50,"column":105},"end":{"line":149,"column":1}},"line":50},"1":{"name":"findPossibleDuplicates","decl":{"start":{"line":157,"column":22},"end":{"line":157,"column":44}},"loc":{"start":{"line":157,"column":80},"end":{"line":222,"column":1}},"line":157},"2":{"name":"(anonymous_2)","decl":{"start":{"line":189,"column":54},"end":{"line":189,"column":55}},"loc":{"start":{"line":190,"column":8},"end":{"line":190,"column":67}},"line":190},"3":{"name":"(anonymous_3)","decl":{"start":{"line":212,"column":20},"end":{"line":212,"column":21}},"loc":{"start":{"line":212,"column":30},"end":{"line":212,"column":93}},"line":212},"4":{"name":"checkProductDuplication","decl":{"start":{"line":230,"column":22},"end":{"line":230,"column":45}},"loc":{"start":{"line":230,"column":81},"end":{"line":275,"column":1}},"line":230},"5":{"name":"mergeProductInformation","decl":{"start":{"line":285,"column":16},"end":{"line":285,"column":39}},"loc":{"start":{"line":285,"column":132},"end":{"line":367,"column":1}},"line":285},"6":{"name":"(anonymous_6)","decl":{"start":{"line":335,"column":73},"end":{"line":335,"column":74}},"loc":{"start":{"line":335,"column":80},"end":{"line":335,"column":88}},"line":335},"7":{"name":"(anonymous_7)","decl":{"start":{"line":336,"column":71},"end":{"line":336,"column":72}},"loc":{"start":{"line":336,"column":78},"end":{"line":336,"column":106}},"line":336},"8":{"name":"performDeduplication","decl":{"start":{"line":374,"column":22},"end":{"line":374,"column":42}},"loc":{"start":{"line":374,"column":57},"end":{"line":515,"column":1}},"line":374},"9":{"name":"(anonymous_9)","decl":{"start":{"line":439,"column":24},"end":{"line":439,"column":25}},"loc":{"start":{"line":439,"column":34},"end":{"line":439,"column":79}},"line":439},"10":{"name":"(anonymous_10)","decl":{"start":{"line":459,"column":65},"end":{"line":459,"column":66}},"loc":{"start":{"line":459,"column":70},"end":{"line":459,"column":93}},"line":459},"11":{"name":"(anonymous_11)","decl":{"start":{"line":464,"column":71},"end":{"line":464,"column":72}},"loc":{"start":{"line":464,"column":78},"end":{"line":464,"column":109}},"line":464},"12":{"name":"getDeduplicationStats","decl":{"start":{"line":521,"column":22},"end":{"line":521,"column":43}},"loc":{"start":{"line":521,"column":46},"end":{"line":579,"column":1}},"line":521},"13":{"name":"(anonymous_13)","decl":{"start":{"line":565,"column":12},"end":{"line":565,"column":13}},"loc":{"start":{"line":565,"column":22},"end":{"line":565,"column":49}},"line":565},"14":{"name":"(anonymous_14)","decl":{"start":{"line":567,"column":11},"end":{"line":567,"column":12}},"loc":{"start":{"line":567,"column":21},"end":{"line":571,"column":7}},"line":567}},"branchMap":{"0":{"loc":{"start":{"line":50,"column":63},"end":{"line":50,"column":82}},"type":"default-arg","locations":[{"start":{"line":50,"column":78},"end":{"line":50,"column":82}}],"line":50},"1":{"loc":{"start":{"line":50,"column":84},"end":{"line":50,"column":103}},"type":"default-arg","locations":[{"start":{"line":50,"column":99},"end":{"line":50,"column":103}}],"line":50},"2":{"loc":{"start":{"line":64,"column":49},"end":{"line":64,"column":69}},"type":"binary-expr","locations":[{"start":{"line":64,"column":49},"end":{"line":64,"column":63}},{"start":{"line":64,"column":67},"end":{"line":64,"column":69}}],"line":64},"3":{"loc":{"start":{"line":64,"column":71},"end":{"line":64,"column":91}},"type":"binary-expr","locations":[{"start":{"line":64,"column":71},"end":{"line":64,"column":85}},{"start":{"line":64,"column":89},"end":{"line":64,"column":91}}],"line":64},"4":{"loc":{"start":{"line":67,"column":48},"end":{"line":67,"column":67}},"type":"binary-expr","locations":[{"start":{"line":67,"column":48},"end":{"line":67,"column":61}},{"start":{"line":67,"column":65},"end":{"line":67,"column":67}}],"line":67},"5":{"loc":{"start":{"line":67,"column":69},"end":{"line":67,"column":88}},"type":"binary-expr","locations":[{"start":{"line":67,"column":69},"end":{"line":67,"column":82}},{"start":{"line":67,"column":86},"end":{"line":67,"column":88}}],"line":67},"6":{"loc":{"start":{"line":70,"column":38},"end":{"line":70,"column":64}},"type":"binary-expr","locations":[{"start":{"line":70,"column":38},"end":{"line":70,"column":58}},{"start":{"line":70,"column":62},"end":{"line":70,"column":64}}],"line":70},"7":{"loc":{"start":{"line":71,"column":38},"end":{"line":71,"column":64}},"type":"binary-expr","locations":[{"start":{"line":71,"column":38},"end":{"line":71,"column":58}},{"start":{"line":71,"column":62},"end":{"line":71,"column":64}}],"line":71},"8":{"loc":{"start":{"line":72,"column":23},"end":{"line":72,"column":50}},"type":"cond-expr","locations":[{"start":{"line":72,"column":41},"end":{"line":72,"column":44}},{"start":{"line":72,"column":47},"end":{"line":72,"column":50}}],"line":72},"9":{"loc":{"start":{"line":75,"column":4},"end":{"line":80,"column":5}},"type":"if","locations":[{"start":{"line":75,"column":4},"end":{"line":80,"column":5}},{"start":{},"end":{}}],"line":75},"10":{"loc":{"start":{"line":75,"column":8},"end":{"line":75,"column":70}},"type":"binary-expr","locations":[{"start":{"line":75,"column":8},"end":{"line":75,"column":37}},{"start":{"line":75,"column":41},"end":{"line":75,"column":70}}],"line":75},"11":{"loc":{"start":{"line":93,"column":4},"end":{"line":102,"column":5}},"type":"if","locations":[{"start":{"line":93,"column":4},"end":{"line":102,"column":5}},{"start":{"line":96,"column":11},"end":{"line":102,"column":5}}],"line":93},"12":{"loc":{"start":{"line":96,"column":11},"end":{"line":102,"column":5}},"type":"if","locations":[{"start":{"line":96,"column":11},"end":{"line":102,"column":5}},{"start":{"line":99,"column":11},"end":{"line":102,"column":5}}],"line":96},"13":{"loc":{"start":{"line":99,"column":11},"end":{"line":102,"column":5}},"type":"if","locations":[{"start":{"line":99,"column":11},"end":{"line":102,"column":5}},{"start":{},"end":{}}],"line":99},"14":{"loc":{"start":{"line":106,"column":4},"end":{"line":112,"column":5}},"type":"if","locations":[{"start":{"line":106,"column":4},"end":{"line":112,"column":5}},{"start":{},"end":{}}],"line":106},"15":{"loc":{"start":{"line":106,"column":8},"end":{"line":106,"column":79}},"type":"binary-expr","locations":[{"start":{"line":106,"column":8},"end":{"line":106,"column":51}},{"start":{"line":106,"column":55},"end":{"line":106,"column":79}}],"line":106},"16":{"loc":{"start":{"line":109,"column":6},"end":{"line":111,"column":7}},"type":"if","locations":[{"start":{"line":109,"column":6},"end":{"line":111,"column":7}},{"start":{},"end":{}}],"line":109},"17":{"loc":{"start":{"line":109,"column":10},"end":{"line":109,"column":71}},"type":"binary-expr","locations":[{"start":{"line":109,"column":10},"end":{"line":109,"column":37}},{"start":{"line":109,"column":41},"end":{"line":109,"column":71}}],"line":109},"18":{"loc":{"start":{"line":139,"column":4},"end":{"line":141,"column":5}},"type":"if","locations":[{"start":{"line":139,"column":4},"end":{"line":141,"column":5}},{"start":{},"end":{}}],"line":139},"19":{"loc":{"start":{"line":139,"column":8},"end":{"line":139,"column":76}},"type":"binary-expr","locations":[{"start":{"line":139,"column":8},"end":{"line":139,"column":42}},{"start":{"line":139,"column":46},"end":{"line":139,"column":76}}],"line":139},"20":{"loc":{"start":{"line":140,"column":113},"end":{"line":140,"column":146}},"type":"cond-expr","locations":[{"start":{"line":140,"column":134},"end":{"line":140,"column":138}},{"start":{"line":140,"column":141},"end":{"line":140,"column":146}}],"line":140},"21":{"loc":{"start":{"line":157,"column":57},"end":{"line":157,"column":78}},"type":"default-arg","locations":[{"start":{"line":157,"column":74},"end":{"line":157,"column":78}}],"line":157},"22":{"loc":{"start":{"line":166,"column":4},"end":{"line":172,"column":5}},"type":"if","locations":[{"start":{"line":166,"column":4},"end":{"line":172,"column":5}},{"start":{"line":169,"column":11},"end":{"line":172,"column":5}}],"line":166},"23":{"loc":{"start":{"line":184,"column":6},"end":{"line":186,"column":7}},"type":"if","locations":[{"start":{"line":184,"column":6},"end":{"line":186,"column":7}},{"start":{},"end":{}}],"line":184},"24":{"loc":{"start":{"line":184,"column":10},"end":{"line":184,"column":88}},"type":"binary-expr","locations":[{"start":{"line":184,"column":10},"end":{"line":184,"column":24}},{"start":{"line":184,"column":28},"end":{"line":184,"column":88}}],"line":184},"25":{"loc":{"start":{"line":202,"column":6},"end":{"line":208,"column":7}},"type":"if","locations":[{"start":{"line":202,"column":6},"end":{"line":208,"column":7}},{"start":{},"end":{}}],"line":202},"26":{"loc":{"start":{"line":230,"column":58},"end":{"line":230,"column":79}},"type":"default-arg","locations":[{"start":{"line":230,"column":75},"end":{"line":230,"column":79}}],"line":230},"27":{"loc":{"start":{"line":237,"column":17},"end":{"line":237,"column":61}},"type":"cond-expr","locations":[{"start":{"line":237,"column":41},"end":{"line":237,"column":54}},{"start":{"line":237,"column":57},"end":{"line":237,"column":61}}],"line":237},"28":{"loc":{"start":{"line":242,"column":4},"end":{"line":262,"column":5}},"type":"if","locations":[{"start":{"line":242,"column":4},"end":{"line":262,"column":5}},{"start":{"line":259,"column":11},"end":{"line":262,"column":5}}],"line":242},"29":{"loc":{"start":{"line":247,"column":6},"end":{"line":256,"column":7}},"type":"if","locations":[{"start":{"line":247,"column":6},"end":{"line":256,"column":7}},{"start":{"line":250,"column":13},"end":{"line":256,"column":7}}],"line":247},"30":{"loc":{"start":{"line":247,"column":10},"end":{"line":247,"column":57}},"type":"binary-expr","locations":[{"start":{"line":247,"column":10},"end":{"line":247,"column":32}},{"start":{"line":247,"column":36},"end":{"line":247,"column":57}}],"line":247},"31":{"loc":{"start":{"line":250,"column":13},"end":{"line":256,"column":7}},"type":"if","locations":[{"start":{"line":250,"column":13},"end":{"line":256,"column":7}},{"start":{"line":253,"column":13},"end":{"line":256,"column":7}}],"line":250},"32":{"loc":{"start":{"line":285,"column":75},"end":{"line":285,"column":101}},"type":"default-arg","locations":[{"start":{"line":285,"column":97},"end":{"line":285,"column":101}}],"line":285},"33":{"loc":{"start":{"line":285,"column":103},"end":{"line":285,"column":130}},"type":"default-arg","locations":[{"start":{"line":285,"column":126},"end":{"line":285,"column":130}}],"line":285},"34":{"loc":{"start":{"line":288,"column":17},"end":{"line":288,"column":72}},"type":"cond-expr","locations":[{"start":{"line":288,"column":39},"end":{"line":288,"column":65}},{"start":{"line":288,"column":68},"end":{"line":288,"column":72}}],"line":288},"35":{"loc":{"start":{"line":296,"column":4},"end":{"line":300,"column":5}},"type":"if","locations":[{"start":{"line":296,"column":4},"end":{"line":300,"column":5}},{"start":{},"end":{}}],"line":296},"36":{"loc":{"start":{"line":296,"column":8},"end":{"line":297,"column":67}},"type":"binary-expr","locations":[{"start":{"line":296,"column":9},"end":{"line":296,"column":31}},{"start":{"line":296,"column":35},"end":{"line":296,"column":67}},{"start":{"line":297,"column":8},"end":{"line":297,"column":30}},{"start":{"line":297,"column":34},"end":{"line":297,"column":67}}],"line":296},"37":{"loc":{"start":{"line":303,"column":4},"end":{"line":306,"column":5}},"type":"if","locations":[{"start":{"line":303,"column":4},"end":{"line":306,"column":5}},{"start":{},"end":{}}],"line":303},"38":{"loc":{"start":{"line":303,"column":8},"end":{"line":303,"column":91}},"type":"binary-expr","locations":[{"start":{"line":303,"column":8},"end":{"line":303,"column":29}},{"start":{"line":303,"column":33},"end":{"line":303,"column":91}}],"line":303},"39":{"loc":{"start":{"line":311,"column":4},"end":{"line":314,"column":5}},"type":"if","locations":[{"start":{"line":311,"column":4},"end":{"line":314,"column":5}},{"start":{},"end":{}}],"line":311},"40":{"loc":{"start":{"line":311,"column":8},"end":{"line":311,"column":75}},"type":"binary-expr","locations":[{"start":{"line":311,"column":8},"end":{"line":311,"column":40}},{"start":{"line":311,"column":44},"end":{"line":311,"column":75}}],"line":311},"41":{"loc":{"start":{"line":317,"column":4},"end":{"line":322,"column":5}},"type":"if","locations":[{"start":{"line":317,"column":4},"end":{"line":322,"column":5}},{"start":{},"end":{}}],"line":317},"42":{"loc":{"start":{"line":317,"column":8},"end":{"line":317,"column":85}},"type":"binary-expr","locations":[{"start":{"line":317,"column":8},"end":{"line":317,"column":33}},{"start":{"line":317,"column":37},"end":{"line":317,"column":85}}],"line":317},"43":{"loc":{"start":{"line":318,"column":6},"end":{"line":321,"column":7}},"type":"if","locations":[{"start":{"line":318,"column":6},"end":{"line":321,"column":7}},{"start":{},"end":{}}],"line":318},"44":{"loc":{"start":{"line":318,"column":10},"end":{"line":318,"column":89}},"type":"binary-expr","locations":[{"start":{"line":318,"column":10},"end":{"line":318,"column":35}},{"start":{"line":318,"column":39},"end":{"line":318,"column":89}}],"line":318},"45":{"loc":{"start":{"line":325,"column":4},"end":{"line":351,"column":5}},"type":"if","locations":[{"start":{"line":325,"column":4},"end":{"line":351,"column":5}},{"start":{},"end":{}}],"line":325},"46":{"loc":{"start":{"line":325,"column":8},"end":{"line":325,"column":50}},"type":"binary-expr","locations":[{"start":{"line":325,"column":8},"end":{"line":325,"column":26}},{"start":{"line":325,"column":30},"end":{"line":325,"column":50}}],"line":325},"47":{"loc":{"start":{"line":327,"column":6},"end":{"line":331,"column":7}},"type":"if","locations":[{"start":{"line":327,"column":6},"end":{"line":331,"column":7}},{"start":{},"end":{}}],"line":327},"48":{"loc":{"start":{"line":327,"column":10},"end":{"line":328,"column":97}},"type":"binary-expr","locations":[{"start":{"line":327,"column":10},"end":{"line":327,"column":46}},{"start":{"line":328,"column":10},"end":{"line":328,"column":97}}],"line":327},"49":{"loc":{"start":{"line":334,"column":6},"end":{"line":341,"column":7}},"type":"if","locations":[{"start":{"line":334,"column":6},"end":{"line":341,"column":7}},{"start":{},"end":{}}],"line":334},"50":{"loc":{"start":{"line":334,"column":10},"end":{"line":334,"column":89}},"type":"binary-expr","locations":[{"start":{"line":334,"column":10},"end":{"line":334,"column":42}},{"start":{"line":334,"column":46},"end":{"line":334,"column":89}}],"line":334},"51":{"loc":{"start":{"line":337,"column":8},"end":{"line":340,"column":9}},"type":"if","locations":[{"start":{"line":337,"column":8},"end":{"line":340,"column":9}},{"start":{},"end":{}}],"line":337},"52":{"loc":{"start":{"line":344,"column":6},"end":{"line":350,"column":7}},"type":"if","locations":[{"start":{"line":344,"column":6},"end":{"line":350,"column":7}},{"start":{},"end":{}}],"line":344},"53":{"loc":{"start":{"line":344,"column":10},"end":{"line":345,"column":112}},"type":"binary-expr","locations":[{"start":{"line":344,"column":10},"end":{"line":344,"column":42}},{"start":{"line":345,"column":11},"end":{"line":345,"column":42}},{"start":{"line":345,"column":46},"end":{"line":345,"column":111}}],"line":344},"54":{"loc":{"start":{"line":355,"column":4},"end":{"line":357,"column":5}},"type":"if","locations":[{"start":{"line":355,"column":4},"end":{"line":357,"column":5}},{"start":{},"end":{}}],"line":355},"55":{"loc":{"start":{"line":374,"column":43},"end":{"line":374,"column":55}},"type":"default-arg","locations":[{"start":{"line":374,"column":53},"end":{"line":374,"column":55}}],"line":374},"56":{"loc":{"start":{"line":376,"column":4},"end":{"line":376,"column":17}},"type":"default-arg","locations":[{"start":{"line":376,"column":13},"end":{"line":376,"column":17}}],"line":376},"57":{"loc":{"start":{"line":377,"column":4},"end":{"line":377,"column":20}},"type":"default-arg","locations":[{"start":{"line":377,"column":16},"end":{"line":377,"column":20}}],"line":377},"58":{"loc":{"start":{"line":378,"column":4},"end":{"line":378,"column":22}},"type":"default-arg","locations":[{"start":{"line":378,"column":19},"end":{"line":378,"column":22}}],"line":378},"59":{"loc":{"start":{"line":379,"column":4},"end":{"line":379,"column":21}},"type":"default-arg","locations":[{"start":{"line":379,"column":17},"end":{"line":379,"column":21}}],"line":379},"60":{"loc":{"start":{"line":392,"column":29},"end":{"line":392,"column":52}},"type":"cond-expr","locations":[{"start":{"line":392,"column":38},"end":{"line":392,"column":43}},{"start":{"line":392,"column":46},"end":{"line":392,"column":52}}],"line":392},"61":{"loc":{"start":{"line":398,"column":4},"end":{"line":402,"column":5}},"type":"if","locations":[{"start":{"line":398,"column":4},"end":{"line":402,"column":5}},{"start":{"line":400,"column":11},"end":{"line":402,"column":5}}],"line":398},"62":{"loc":{"start":{"line":416,"column":6},"end":{"line":416,"column":42}},"type":"if","locations":[{"start":{"line":416,"column":6},"end":{"line":416,"column":42}},{"start":{},"end":{}}],"line":416},"63":{"loc":{"start":{"line":424,"column":8},"end":{"line":424,"column":44}},"type":"if","locations":[{"start":{"line":424,"column":8},"end":{"line":424,"column":44}},{"start":{},"end":{}}],"line":424},"64":{"loc":{"start":{"line":428,"column":32},"end":{"line":428,"column":84}},"type":"binary-expr","locations":[{"start":{"line":428,"column":32},"end":{"line":428,"column":41}},{"start":{"line":428,"column":45},"end":{"line":428,"column":84}}],"line":428},"65":{"loc":{"start":{"line":430,"column":8},"end":{"line":434,"column":9}},"type":"if","locations":[{"start":{"line":430,"column":8},"end":{"line":434,"column":9}},{"start":{},"end":{}}],"line":430},"66":{"loc":{"start":{"line":437,"column":6},"end":{"line":441,"column":7}},"type":"if","locations":[{"start":{"line":437,"column":6},"end":{"line":441,"column":7}},{"start":{},"end":{}}],"line":437},"67":{"loc":{"start":{"line":450,"column":4},"end":{"line":495,"column":5}},"type":"if","locations":[{"start":{"line":450,"column":4},"end":{"line":495,"column":5}},{"start":{},"end":{}}],"line":450},"68":{"loc":{"start":{"line":450,"column":8},"end":{"line":450,"column":43}},"type":"binary-expr","locations":[{"start":{"line":450,"column":8},"end":{"line":450,"column":15}},{"start":{"line":450,"column":19},"end":{"line":450,"column":43}}],"line":450},"69":{"loc":{"start":{"line":457,"column":12},"end":{"line":472,"column":13}},"type":"if","locations":[{"start":{"line":457,"column":12},"end":{"line":472,"column":13}},{"start":{"line":468,"column":19},"end":{"line":472,"column":13}}],"line":457},"70":{"loc":{"start":{"line":460,"column":14},"end":{"line":462,"column":15}},"type":"if","locations":[{"start":{"line":460,"column":14},"end":{"line":462,"column":15}},{"start":{},"end":{}}],"line":460},"71":{"loc":{"start":{"line":465,"column":14},"end":{"line":467,"column":15}},"type":"if","locations":[{"start":{"line":465,"column":14},"end":{"line":467,"column":15}},{"start":{},"end":{}}],"line":465},"72":{"loc":{"start":{"line":526,"column":4},"end":{"line":530,"column":5}},"type":"if","locations":[{"start":{"line":526,"column":4},"end":{"line":530,"column":5}},{"start":{"line":528,"column":11},"end":{"line":530,"column":5}}],"line":526},"73":{"loc":{"start":{"line":548,"column":8},"end":{"line":556,"column":9}},"type":"if","locations":[{"start":{"line":548,"column":8},"end":{"line":556,"column":9}},{"start":{},"end":{}}],"line":548}},"s":{"0":1,"1":9,"2":9,"3":9,"4":9,"5":9,"6":9,"7":9,"8":9,"9":1,"10":9,"11":9,"12":9,"13":9,"14":0,"15":0,"16":9,"17":1,"18":1,"19":8,"20":3,"21":3,"22":9,"23":9,"24":4,"25":4,"26":3,"27":9,"28":9,"29":8,"30":0,"31":0,"32":9,"33":0,"34":0,"35":0,"36":0,"37":0,"38":0,"39":0,"40":0,"41":0,"42":0,"43":0,"44":0,"45":0,"46":0,"47":0,"48":0,"49":0,"50":0,"51":0,"52":0,"53":0,"54":0,"55":0,"56":0,"57":0,"58":0,"59":0,"60":0,"61":0,"62":0,"63":0,"64":0,"65":0,"66":0,"67":0,"68":0,"69":0,"70":0,"71":0,"72":0,"73":0,"74":0,"75":0,"76":0,"77":0,"78":0,"79":0,"80":0,"81":0,"82":3,"83":3,"84":3,"85":1,"86":1,"87":3,"88":1,"89":1,"90":3,"91":3,"92":3,"93":0,"94":0,"95":3,"96":3,"97":0,"98":0,"99":3,"100":1,"101":1,"102":1,"103":1,"104":1,"105":1,"106":1,"107":2,"108":1,"109":1,"110":1,"111":1,"112":1,"113":1,"114":1,"115":1,"116":3,"117":3,"118":1,"119":3,"120":0,"121":0,"122":3,"123":0,"124":0,"125":0,"126":0,"127":0,"128":0,"129":0,"130":0,"131":0,"132":0,"133":0,"134":0,"135":0,"136":0,"137":0,"138":0,"139":0,"140":0,"141":0,"142":0,"143":0,"144":0,"145":0,"146":0,"147":0,"148":0,"149":0,"150":0,"151":0,"152":0,"153":0,"154":0,"155":0,"156":0,"157":0,"158":0,"159":0,"160":0,"161":0,"162":0,"163":0,"164":0,"165":0,"166":0,"167":0,"168":0,"169":0,"170":0,"171":0,"172":0,"173":0,"174":0,"175":0,"176":0,"177":0,"178":0,"179":0,"180":0,"181":0,"182":0,"183":0,"184":0,"185":0,"186":0,"187":0,"188":0,"189":0,"190":0,"191":0,"192":0,"193":0,"194":0,"195":0,"196":0,"197":0,"198":0,"199":0,"200":0,"201":0,"202":0,"203":0,"204":0,"205":0,"206":0,"207":0,"208":0,"209":0,"210":0,"211":0,"212":0,"213":0,"214":0},"f":{"0":9,"1":0,"2":0,"3":0,"4":0,"5":3,"6":1,"7":2,"8":0,"9":0,"10":0,"11":0,"12":0,"13":0,"14":0},"b":{"0":[8],"1":[8],"2":[9,0],"3":[9,0],"4":[9,0],"5":[9,0],"6":[9,0],"7":[9,0],"8":[8,1],"9":[1,8],"10":[9,1],"11":[0,9],"12":[1,8],"13":[3,5],"14":[4,5],"15":[9,4],"16":[3,1],"17":[4,4],"18":[8,1],"19":[9,9],"20":[4,4],"21":[0],"22":[0,0],"23":[0,0],"24":[0,0],"25":[0,0],"26":[0],"27":[0,0],"28":[0,0],"29":[0,0],"30":[0,0],"31":[0,0],"32":[2],"33":[2],"34":[1,2],"35":[1,2],"36":[3,3,1,1],"37":[1,2],"38":[3,3],"39":[0,3],"40":[3,3],"41":[3,0],"42":[3,0],"43":[0,3],"44":[3,0],"45":[1,2],"46":[3,1],"47":[1,0],"48":[1,1],"49":[1,0],"50":[1,1],"51":[1,0],"52":[1,0],"53":[1,1,1],"54":[1,2],"55":[0],"56":[0],"57":[0],"58":[0],"59":[0],"60":[0,0],"61":[0,0],"62":[0,0],"63":[0,0],"64":[0,0],"65":[0,0],"66":[0,0],"67":[0,0],"68":[0,0],"69":[0,0],"70":[0,0],"71":[0,0],"72":[0,0],"73":[0,0]},"inputSourceMap":null,"_coverageSchema":"1a1c01bbd47fc00a2c39e90264f33305004495a9","hash":"5bf2401720f36a7a2dc34b9955a9cf4946858899"}
,"/Users/xinmingliu/Documents/MyProjects/ingredient-health-scan/server/src/services/productTypeService.js": {"path":"/Users/xinmingliu/Documents/MyProjects/ingredient-health-scan/server/src/services/productTypeService.js","statementMap":{"0":{"start":{"line":7,"column":27},"end":{"line":101,"column":1}},"1":{"start":{"line":108,"column":22},"end":{"line":108,"column":69}},"2":{"start":{"line":109,"column":2},"end":{"line":109,"column":28}},"3":{"start":{"line":118,"column":2},"end":{"line":121,"column":3}},"4":{"start":{"line":119,"column":4},"end":{"line":119,"column":44}},"5":{"start":{"line":120,"column":4},"end":{"line":120,"column":16}},"6":{"start":{"line":123,"column":22},"end":{"line":123,"column":41}},"7":{"start":{"line":126,"column":2},"end":{"line":128,"column":3}},"8":{"start":{"line":127,"column":4},"end":{"line":127,"column":43}},"9":{"start":{"line":131,"column":2},"end":{"line":136,"column":3}},"10":{"start":{"line":132,"column":4},"end":{"line":135,"column":5}},"11":{"start":{"line":133,"column":6},"end":{"line":133,"column":76}},"12":{"start":{"line":134,"column":6},"end":{"line":134,"column":19}},"13":{"start":{"line":139,"column":20},"end":{"line":139,"column":45}},"14":{"start":{"line":142,"column":2},"end":{"line":144,"column":3}},"15":{"start":{"line":143,"column":4},"end":{"line":143,"column":16}},"16":{"start":{"line":147,"column":2},"end":{"line":149,"column":3}},"17":{"start":{"line":148,"column":4},"end":{"line":148,"column":17}},"18":{"start":{"line":152,"column":2},"end":{"line":154,"column":3}},"19":{"start":{"line":153,"column":4},"end":{"line":153,"column":16}},"20":{"start":{"line":157,"column":2},"end":{"line":161,"column":3}},"21":{"start":{"line":158,"column":4},"end":{"line":158,"column":46}},"22":{"start":{"line":158,"column":34},"end":{"line":158,"column":46}},"23":{"start":{"line":159,"column":4},"end":{"line":159,"column":44}},"24":{"start":{"line":159,"column":33},"end":{"line":159,"column":44}},"25":{"start":{"line":160,"column":4},"end":{"line":160,"column":17}},"26":{"start":{"line":164,"column":2},"end":{"line":164,"column":52}},"27":{"start":{"line":165,"column":2},"end":{"line":165,"column":14}},"28":{"start":{"line":174,"column":2},"end":{"line":177,"column":3}},"29":{"start":{"line":175,"column":4},"end":{"line":175,"column":30}},"30":{"start":{"line":176,"column":4},"end":{"line":176,"column":14}},"31":{"start":{"line":179,"column":2},"end":{"line":197,"column":5}},"32":{"start":{"line":180,"column":4},"end":{"line":183,"column":5}},"33":{"start":{"line":181,"column":6},"end":{"line":181,"column":29}},"34":{"start":{"line":182,"column":6},"end":{"line":182,"column":21}},"35":{"start":{"line":185,"column":25},"end":{"line":185,"column":44}},"36":{"start":{"line":186,"column":27},"end":{"line":186,"column":60}},"37":{"start":{"line":188,"column":4},"end":{"line":190,"column":5}},"38":{"start":{"line":189,"column":6},"end":{"line":189,"column":70}},"39":{"start":{"line":192,"column":4},"end":{"line":196,"column":6}},"40":{"start":{"line":206,"column":2},"end":{"line":208,"column":3}},"41":{"start":{"line":207,"column":4},"end":{"line":207,"column":34}},"42":{"start":{"line":210,"column":24},"end":{"line":210,"column":26}},"43":{"start":{"line":211,"column":26},"end":{"line":211,"column":28}},"44":{"start":{"line":212,"column":22},"end":{"line":212,"column":24}},"45":{"start":{"line":214,"column":2},"end":{"line":230,"column":5}},"46":{"start":{"line":215,"column":4},"end":{"line":215,"column":49}},"47":{"start":{"line":215,"column":42},"end":{"line":215,"column":49}},"48":{"start":{"line":217,"column":21},"end":{"line":217,"column":40}},"49":{"start":{"line":218,"column":23},"end":{"line":218,"column":52}},"50":{"start":{"line":221,"column":4},"end":{"line":221,"column":65}},"51":{"start":{"line":224,"column":4},"end":{"line":224,"column":73}},"52":{"start":{"line":227,"column":4},"end":{"line":229,"column":5}},"53":{"start":{"line":228,"column":6},"end":{"line":228,"column":41}},"54":{"start":{"line":232,"column":2},"end":{"line":238,"column":4}},"55":{"start":{"line":246,"column":26},"end":{"line":246,"column":53}},"56":{"start":{"line":247,"column":22},"end":{"line":247,"column":53}},"57":{"start":{"line":248,"column":24},"end":{"line":248,"column":57}},"58":{"start":{"line":250,"column":2},"end":{"line":257,"column":4}}},"fnMap":{"0":{"name":"getSimplifiedProductTypes","decl":{"start":{"line":107,"column":16},"end":{"line":107,"column":41}},"loc":{"start":{"line":107,"column":44},"end":{"line":110,"column":1}},"line":107},"1":{"name":"simplifyProductType","decl":{"start":{"line":117,"column":16},"end":{"line":117,"column":35}},"loc":{"start":{"line":117,"column":50},"end":{"line":166,"column":1}},"line":117},"2":{"name":"simplifyProductTypes","decl":{"start":{"line":173,"column":16},"end":{"line":173,"column":36}},"loc":{"start":{"line":173,"column":47},"end":{"line":198,"column":1}},"line":173},"3":{"name":"(anonymous_3)","decl":{"start":{"line":179,"column":22},"end":{"line":179,"column":23}},"loc":{"start":{"line":179,"column":33},"end":{"line":197,"column":3}},"line":179},"4":{"name":"getProductTypeStats","decl":{"start":{"line":205,"column":16},"end":{"line":205,"column":35}},"loc":{"start":{"line":205,"column":46},"end":{"line":239,"column":1}},"line":205},"5":{"name":"(anonymous_5)","decl":{"start":{"line":214,"column":19},"end":{"line":214,"column":20}},"loc":{"start":{"line":214,"column":30},"end":{"line":230,"column":3}},"line":214},"6":{"name":"validateProductTypeMapping","decl":{"start":{"line":245,"column":16},"end":{"line":245,"column":42}},"loc":{"start":{"line":245,"column":45},"end":{"line":258,"column":1}},"line":245}},"branchMap":{"0":{"loc":{"start":{"line":118,"column":2},"end":{"line":121,"column":3}},"type":"if","locations":[{"start":{"line":118,"column":2},"end":{"line":121,"column":3}},{"start":{},"end":{}}],"line":118},"1":{"loc":{"start":{"line":118,"column":6},"end":{"line":118,"column":55}},"type":"binary-expr","locations":[{"start":{"line":118,"column":6},"end":{"line":118,"column":19}},{"start":{"line":118,"column":23},"end":{"line":118,"column":55}}],"line":118},"2":{"loc":{"start":{"line":126,"column":2},"end":{"line":128,"column":3}},"type":"if","locations":[{"start":{"line":126,"column":2},"end":{"line":128,"column":3}},{"start":{},"end":{}}],"line":126},"3":{"loc":{"start":{"line":132,"column":4},"end":{"line":135,"column":5}},"type":"if","locations":[{"start":{"line":132,"column":4},"end":{"line":135,"column":5}},{"start":{},"end":{}}],"line":132},"4":{"loc":{"start":{"line":132,"column":8},"end":{"line":132,"column":62}},"type":"binary-expr","locations":[{"start":{"line":132,"column":8},"end":{"line":132,"column":33}},{"start":{"line":132,"column":37},"end":{"line":132,"column":62}}],"line":132},"5":{"loc":{"start":{"line":142,"column":2},"end":{"line":144,"column":3}},"type":"if","locations":[{"start":{"line":142,"column":2},"end":{"line":144,"column":3}},{"start":{},"end":{}}],"line":142},"6":{"loc":{"start":{"line":142,"column":6},"end":{"line":142,"column":86}},"type":"binary-expr","locations":[{"start":{"line":142,"column":6},"end":{"line":142,"column":30}},{"start":{"line":142,"column":34},"end":{"line":142,"column":58}},{"start":{"line":142,"column":62},"end":{"line":142,"column":86}}],"line":142},"7":{"loc":{"start":{"line":147,"column":2},"end":{"line":149,"column":3}},"type":"if","locations":[{"start":{"line":147,"column":2},"end":{"line":149,"column":3}},{"start":{},"end":{}}],"line":147},"8":{"loc":{"start":{"line":147,"column":6},"end":{"line":147,"column":87}},"type":"binary-expr","locations":[{"start":{"line":147,"column":6},"end":{"line":147,"column":31}},{"start":{"line":147,"column":35},"end":{"line":147,"column":59}},{"start":{"line":147,"column":63},"end":{"line":147,"column":87}}],"line":147},"9":{"loc":{"start":{"line":152,"column":2},"end":{"line":154,"column":3}},"type":"if","locations":[{"start":{"line":152,"column":2},"end":{"line":154,"column":3}},{"start":{},"end":{}}],"line":152},"10":{"loc":{"start":{"line":152,"column":6},"end":{"line":152,"column":86}},"type":"binary-expr","locations":[{"start":{"line":152,"column":6},"end":{"line":152,"column":30}},{"start":{"line":152,"column":34},"end":{"line":152,"column":58}},{"start":{"line":152,"column":62},"end":{"line":152,"column":86}}],"line":152},"11":{"loc":{"start":{"line":157,"column":2},"end":{"line":161,"column":3}},"type":"if","locations":[{"start":{"line":157,"column":2},"end":{"line":161,"column":3}},{"start":{},"end":{}}],"line":157},"12":{"loc":{"start":{"line":157,"column":6},"end":{"line":157,"column":85}},"type":"binary-expr","locations":[{"start":{"line":157,"column":6},"end":{"line":157,"column":30}},{"start":{"line":157,"column":34},"end":{"line":157,"column":57}},{"start":{"line":157,"column":61},"end":{"line":157,"column":85}}],"line":157},"13":{"loc":{"start":{"line":158,"column":4},"end":{"line":158,"column":46}},"type":"if","locations":[{"start":{"line":158,"column":4},"end":{"line":158,"column":46}},{"start":{},"end":{}}],"line":158},"14":{"loc":{"start":{"line":159,"column":4},"end":{"line":159,"column":44}},"type":"if","locations":[{"start":{"line":159,"column":4},"end":{"line":159,"column":44}},{"start":{},"end":{}}],"line":159},"15":{"loc":{"start":{"line":174,"column":2},"end":{"line":177,"column":3}},"type":"if","locations":[{"start":{"line":174,"column":2},"end":{"line":177,"column":3}},{"start":{},"end":{}}],"line":174},"16":{"loc":{"start":{"line":180,"column":4},"end":{"line":183,"column":5}},"type":"if","locations":[{"start":{"line":180,"column":4},"end":{"line":183,"column":5}},{"start":{},"end":{}}],"line":180},"17":{"loc":{"start":{"line":180,"column":8},"end":{"line":180,"column":47}},"type":"binary-expr","locations":[{"start":{"line":180,"column":8},"end":{"line":180,"column":16}},{"start":{"line":180,"column":20},"end":{"line":180,"column":47}}],"line":180},"18":{"loc":{"start":{"line":188,"column":4},"end":{"line":190,"column":5}},"type":"if","locations":[{"start":{"line":188,"column":4},"end":{"line":190,"column":5}},{"start":{},"end":{}}],"line":188},"19":{"loc":{"start":{"line":206,"column":2},"end":{"line":208,"column":3}},"type":"if","locations":[{"start":{"line":206,"column":2},"end":{"line":208,"column":3}},{"start":{},"end":{}}],"line":206},"20":{"loc":{"start":{"line":215,"column":4},"end":{"line":215,"column":49}},"type":"if","locations":[{"start":{"line":215,"column":4},"end":{"line":215,"column":49}},{"start":{},"end":{}}],"line":215},"21":{"loc":{"start":{"line":215,"column":8},"end":{"line":215,"column":40}},"type":"binary-expr","locations":[{"start":{"line":215,"column":8},"end":{"line":215,"column":16}},{"start":{"line":215,"column":20},"end":{"line":215,"column":40}}],"line":215},"22":{"loc":{"start":{"line":221,"column":31},"end":{"line":221,"column":59}},"type":"binary-expr","locations":[{"start":{"line":221,"column":31},"end":{"line":221,"column":54}},{"start":{"line":221,"column":58},"end":{"line":221,"column":59}}],"line":221},"23":{"loc":{"start":{"line":224,"column":35},"end":{"line":224,"column":67}},"type":"binary-expr","locations":[{"start":{"line":224,"column":35},"end":{"line":224,"column":62}},{"start":{"line":224,"column":66},"end":{"line":224,"column":67}}],"line":224},"24":{"loc":{"start":{"line":227,"column":4},"end":{"line":229,"column":5}},"type":"if","locations":[{"start":{"line":227,"column":4},"end":{"line":229,"column":5}},{"start":{},"end":{}}],"line":227}},"s":{"0":1,"1":0,"2":0,"3":24,"4":0,"5":0,"6":24,"7":24,"8":24,"9":0,"10":0,"11":0,"12":0,"13":0,"14":0,"15":0,"16":0,"17":0,"18":0,"19":0,"20":0,"21":0,"22":0,"23":0,"24":0,"25":0,"26":0,"27":0,"28":0,"29":0,"30":0,"31":0,"32":0,"33":0,"34":0,"35":0,"36":0,"37":0,"38":0,"39":0,"40":0,"41":0,"42":0,"43":0,"44":0,"45":0,"46":0,"47":0,"48":0,"49":0,"50":0,"51":0,"52":0,"53":0,"54":0,"55":0,"56":0,"57":0,"58":0},"f":{"0":0,"1":24,"2":0,"3":0,"4":0,"5":0,"6":0},"b":{"0":[0,24],"1":[24,24],"2":[24,0],"3":[0,0],"4":[0,0],"5":[0,0],"6":[0,0,0],"7":[0,0],"8":[0,0,0],"9":[0,0],"10":[0,0,0],"11":[0,0],"12":[0,0,0],"13":[0,0],"14":[0,0],"15":[0,0],"16":[0,0],"17":[0,0],"18":[0,0],"19":[0,0],"20":[0,0],"21":[0,0],"22":[0,0],"23":[0,0],"24":[0,0]},"inputSourceMap":null,"_coverageSchema":"1a1c01bbd47fc00a2c39e90264f33305004495a9","hash":"bb3de27232c81b1ab32d6353ed6acfe95c1a9923"}
,"/Users/xinmingliu/Documents/MyProjects/ingredient-health-scan/server/src/utils/stringUtils.js": {"path":"/Users/xinmingliu/Documents/MyProjects/ingredient-health-scan/server/src/utils/stringUtils.js","statementMap":{"0":{"start":{"line":14,"column":2},"end":{"line":14,"column":76}},"1":{"start":{"line":14,"column":22},"end":{"line":14,"column":76}},"2":{"start":{"line":16,"column":15},"end":{"line":16,"column":26}},"3":{"start":{"line":17,"column":15},"end":{"line":17,"column":26}},"4":{"start":{"line":20,"column":17},"end":{"line":20,"column":78}},"5":{"start":{"line":20,"column":54},"end":{"line":20,"column":77}},"6":{"start":{"line":23,"column":2},"end":{"line":23,"column":51}},"7":{"start":{"line":23,"column":15},"end":{"line":23,"column":16}},"8":{"start":{"line":23,"column":34},"end":{"line":23,"column":51}},"9":{"start":{"line":24,"column":2},"end":{"line":24,"column":51}},"10":{"start":{"line":24,"column":15},"end":{"line":24,"column":16}},"11":{"start":{"line":24,"column":34},"end":{"line":24,"column":51}},"12":{"start":{"line":27,"column":2},"end":{"line":36,"column":3}},"13":{"start":{"line":27,"column":15},"end":{"line":27,"column":16}},"14":{"start":{"line":28,"column":4},"end":{"line":35,"column":5}},"15":{"start":{"line":28,"column":17},"end":{"line":28,"column":18}},"16":{"start":{"line":29,"column":19},"end":{"line":29,"column":54}},"17":{"start":{"line":30,"column":6},"end":{"line":34,"column":8}},"18":{"start":{"line":38,"column":2},"end":{"line":38,"column":28}},"19":{"start":{"line":47,"column":2},"end":{"line":47,"column":49}},"20":{"start":{"line":47,"column":39},"end":{"line":47,"column":49}},"21":{"start":{"line":49,"column":18},"end":{"line":49,"column":21}},"22":{"start":{"line":52,"column":2},"end":{"line":52,"column":38}},"23":{"start":{"line":55,"column":2},"end":{"line":55,"column":65}},"24":{"start":{"line":58,"column":22},"end":{"line":63,"column":3}},"25":{"start":{"line":65,"column":2},"end":{"line":67,"column":3}},"26":{"start":{"line":66,"column":4},"end":{"line":66,"column":61}},"27":{"start":{"line":70,"column":23},"end":{"line":77,"column":3}},"28":{"start":{"line":79,"column":2},"end":{"line":81,"column":3}},"29":{"start":{"line":80,"column":4},"end":{"line":80,"column":69}},"30":{"start":{"line":83,"column":2},"end":{"line":83,"column":26}},"31":{"start":{"line":93,"column":2},"end":{"line":93,"column":31}},"32":{"start":{"line":93,"column":22},"end":{"line":93,"column":31}},"33":{"start":{"line":94,"column":2},"end":{"line":94,"column":31}},"34":{"start":{"line":94,"column":22},"end":{"line":94,"column":31}},"35":{"start":{"line":97,"column":21},"end":{"line":97,"column":43}},"36":{"start":{"line":98,"column":21},"end":{"line":98,"column":43}},"37":{"start":{"line":100,"column":2},"end":{"line":100,"column":42}},"38":{"start":{"line":100,"column":33},"end":{"line":100,"column":42}},"39":{"start":{"line":103,"column":19},"end":{"line":103,"column":62}},"40":{"start":{"line":104,"column":20},"end":{"line":104,"column":66}},"41":{"start":{"line":106,"column":2},"end":{"line":106,"column":32}},"42":{"start":{"line":106,"column":23},"end":{"line":106,"column":32}},"43":{"start":{"line":109,"column":21},"end":{"line":109,"column":47}},"44":{"start":{"line":111,"column":2},"end":{"line":111,"column":33}},"45":{"start":{"line":121,"column":2},"end":{"line":121,"column":35}},"46":{"start":{"line":121,"column":22},"end":{"line":121,"column":35}},"47":{"start":{"line":123,"column":21},"end":{"line":123,"column":43}},"48":{"start":{"line":124,"column":21},"end":{"line":124,"column":43}},"49":{"start":{"line":126,"column":2},"end":{"line":126,"column":67}},"50":{"start":{"line":126,"column":54},"end":{"line":126,"column":67}},"51":{"start":{"line":129,"column":2},"end":{"line":131,"column":3}},"52":{"start":{"line":130,"column":4},"end":{"line":130,"column":16}},"53":{"start":{"line":134,"column":20},"end":{"line":134,"column":66}},"54":{"start":{"line":135,"column":20},"end":{"line":135,"column":60}},"55":{"start":{"line":137,"column":2},"end":{"line":142,"column":3}},"56":{"start":{"line":137,"column":15},"end":{"line":137,"column":16}},"57":{"start":{"line":138,"column":22},"end":{"line":138,"column":60}},"58":{"start":{"line":139,"column":4},"end":{"line":141,"column":5}},"59":{"start":{"line":140,"column":6},"end":{"line":140,"column":18}},"60":{"start":{"line":144,"column":2},"end":{"line":144,"column":15}},"61":{"start":{"line":154,"column":2},"end":{"line":154,"column":73}},"62":{"start":{"line":154,"column":63},"end":{"line":154,"column":73}},"63":{"start":{"line":157,"column":21},"end":{"line":157,"column":56}},"64":{"start":{"line":158,"column":20},"end":{"line":158,"column":37}},"65":{"start":{"line":161,"column":2},"end":{"line":167,"column":3}},"66":{"start":{"line":162,"column":27},"end":{"line":162,"column":29}},"67":{"start":{"line":163,"column":4},"end":{"line":165,"column":5}},"68":{"start":{"line":164,"column":6},"end":{"line":164,"column":52}},"69":{"start":{"line":166,"column":4},"end":{"line":166,"column":33}},"70":{"start":{"line":170,"column":29},"end":{"line":199,"column":48}},"71":{"start":{"line":171,"column":23},"end":{"line":171,"column":40}},"72":{"start":{"line":172,"column":26},"end":{"line":172,"column":47}},"73":{"start":{"line":175,"column":30},"end":{"line":180,"column":7}},"74":{"start":{"line":182,"column":6},"end":{"line":182,"column":72}},"75":{"start":{"line":182,"column":46},"end":{"line":182,"column":70}},"76":{"start":{"line":186,"column":20},"end":{"line":186,"column":30}},"77":{"start":{"line":189,"column":6},"end":{"line":189,"column":50}},"78":{"start":{"line":190,"column":6},"end":{"line":190,"column":48}},"79":{"start":{"line":191,"column":6},"end":{"line":191,"column":51}},"80":{"start":{"line":192,"column":6},"end":{"line":192,"column":48}},"81":{"start":{"line":195,"column":6},"end":{"line":195,"column":53}},"82":{"start":{"line":197,"column":6},"end":{"line":197,"column":28}},"83":{"start":{"line":199,"column":26},"end":{"line":199,"column":47}},"84":{"start":{"line":202,"column":2},"end":{"line":202,"column":43}},"85":{"start":{"line":212,"column":2},"end":{"line":212,"column":47}},"86":{"start":{"line":212,"column":38},"end":{"line":212,"column":47}},"87":{"start":{"line":213,"column":2},"end":{"line":213,"column":47}},"88":{"start":{"line":213,"column":38},"end":{"line":213,"column":47}},"89":{"start":{"line":215,"column":16},"end":{"line":215,"column":52}},"90":{"start":{"line":216,"column":16},"end":{"line":216,"column":52}},"91":{"start":{"line":218,"column":2},"end":{"line":218,"column":57}},"92":{"start":{"line":218,"column":48},"end":{"line":218,"column":57}},"93":{"start":{"line":219,"column":2},"end":{"line":219,"column":57}},"94":{"start":{"line":219,"column":48},"end":{"line":219,"column":57}},"95":{"start":{"line":222,"column":19},"end":{"line":222,"column":20}},"96":{"start":{"line":223,"column":21},"end":{"line":223,"column":57}},"97":{"start":{"line":225,"column":2},"end":{"line":233,"column":3}},"98":{"start":{"line":226,"column":4},"end":{"line":232,"column":5}},"99":{"start":{"line":227,"column":25},"end":{"line":227,"column":70}},"100":{"start":{"line":228,"column":6},"end":{"line":231,"column":7}},"101":{"start":{"line":229,"column":8},"end":{"line":229,"column":21}},"102":{"start":{"line":230,"column":8},"end":{"line":230,"column":14}},"103":{"start":{"line":235,"column":2},"end":{"line":235,"column":33}},"104":{"start":{"line":246,"column":21},"end":{"line":246,"column":43}},"105":{"start":{"line":247,"column":21},"end":{"line":247,"column":43}},"106":{"start":{"line":248,"column":21},"end":{"line":248,"column":52}},"107":{"start":{"line":249,"column":22},"end":{"line":249,"column":56}},"108":{"start":{"line":250,"column":19},"end":{"line":250,"column":62}},"109":{"start":{"line":252,"column":18},"end":{"line":261,"column":3}},"110":{"start":{"line":263,"column":2},"end":{"line":263,"column":82}},"111":{"start":{"line":265,"column":2},"end":{"line":265,"column":17}}},"fnMap":{"0":{"name":"levenshteinDistance","decl":{"start":{"line":13,"column":16},"end":{"line":13,"column":35}},"loc":{"start":{"line":13,"column":48},"end":{"line":39,"column":1}},"line":13},"1":{"name":"(anonymous_1)","decl":{"start":{"line":20,"column":48},"end":{"line":20,"column":49}},"loc":{"start":{"line":20,"column":54},"end":{"line":20,"column":77}},"line":20},"2":{"name":"preprocessString","decl":{"start":{"line":46,"column":16},"end":{"line":46,"column":32}},"loc":{"start":{"line":46,"column":38},"end":{"line":84,"column":1}},"line":46},"3":{"name":"calculateSimilarity","decl":{"start":{"line":92,"column":16},"end":{"line":92,"column":35}},"loc":{"start":{"line":92,"column":48},"end":{"line":112,"column":1}},"line":92},"4":{"name":"checkStringContainment","decl":{"start":{"line":120,"column":16},"end":{"line":120,"column":38}},"loc":{"start":{"line":120,"column":51},"end":{"line":145,"column":1}},"line":120},"5":{"name":"extractMainIngredients","decl":{"start":{"line":153,"column":16},"end":{"line":153,"column":38}},"loc":{"start":{"line":153,"column":66},"end":{"line":203,"column":1}},"line":153},"6":{"name":"(anonymous_6)","decl":{"start":{"line":171,"column":9},"end":{"line":171,"column":10}},"loc":{"start":{"line":171,"column":23},"end":{"line":171,"column":40}},"line":171},"7":{"name":"(anonymous_7)","decl":{"start":{"line":172,"column":12},"end":{"line":172,"column":13}},"loc":{"start":{"line":172,"column":26},"end":{"line":172,"column":47}},"line":172},"8":{"name":"(anonymous_8)","decl":{"start":{"line":173,"column":12},"end":{"line":173,"column":13}},"loc":{"start":{"line":173,"column":26},"end":{"line":183,"column":5}},"line":173},"9":{"name":"(anonymous_9)","decl":{"start":{"line":182,"column":35},"end":{"line":182,"column":36}},"loc":{"start":{"line":182,"column":46},"end":{"line":182,"column":70}},"line":182},"10":{"name":"(anonymous_10)","decl":{"start":{"line":184,"column":9},"end":{"line":184,"column":10}},"loc":{"start":{"line":184,"column":23},"end":{"line":198,"column":5}},"line":184},"11":{"name":"(anonymous_11)","decl":{"start":{"line":199,"column":12},"end":{"line":199,"column":13}},"loc":{"start":{"line":199,"column":26},"end":{"line":199,"column":47}},"line":199},"12":{"name":"calculateIngredientsSimilarity","decl":{"start":{"line":211,"column":16},"end":{"line":211,"column":46}},"loc":{"start":{"line":211,"column":75},"end":{"line":236,"column":1}},"line":211},"13":{"name":"getSimilarityDetails","decl":{"start":{"line":245,"column":16},"end":{"line":245,"column":36}},"loc":{"start":{"line":245,"column":67},"end":{"line":266,"column":1}},"line":245}},"branchMap":{"0":{"loc":{"start":{"line":14,"column":2},"end":{"line":14,"column":76}},"type":"if","locations":[{"start":{"line":14,"column":2},"end":{"line":14,"column":76}},{"start":{},"end":{}}],"line":14},"1":{"loc":{"start":{"line":14,"column":6},"end":{"line":14,"column":20}},"type":"binary-expr","locations":[{"start":{"line":14,"column":6},"end":{"line":14,"column":11}},{"start":{"line":14,"column":15},"end":{"line":14,"column":20}}],"line":14},"2":{"loc":{"start":{"line":14,"column":38},"end":{"line":14,"column":55}},"type":"binary-expr","locations":[{"start":{"line":14,"column":38},"end":{"line":14,"column":50}},{"start":{"line":14,"column":54},"end":{"line":14,"column":55}}],"line":14},"3":{"loc":{"start":{"line":14,"column":57},"end":{"line":14,"column":74}},"type":"binary-expr","locations":[{"start":{"line":14,"column":57},"end":{"line":14,"column":69}},{"start":{"line":14,"column":73},"end":{"line":14,"column":74}}],"line":14},"4":{"loc":{"start":{"line":29,"column":19},"end":{"line":29,"column":54}},"type":"cond-expr","locations":[{"start":{"line":29,"column":49},"end":{"line":29,"column":50}},{"start":{"line":29,"column":53},"end":{"line":29,"column":54}}],"line":29},"5":{"loc":{"start":{"line":47,"column":2},"end":{"line":47,"column":49}},"type":"if","locations":[{"start":{"line":47,"column":2},"end":{"line":47,"column":49}},{"start":{},"end":{}}],"line":47},"6":{"loc":{"start":{"line":47,"column":6},"end":{"line":47,"column":37}},"type":"binary-expr","locations":[{"start":{"line":47,"column":6},"end":{"line":47,"column":10}},{"start":{"line":47,"column":14},"end":{"line":47,"column":37}}],"line":47},"7":{"loc":{"start":{"line":93,"column":2},"end":{"line":93,"column":31}},"type":"if","locations":[{"start":{"line":93,"column":2},"end":{"line":93,"column":31}},{"start":{},"end":{}}],"line":93},"8":{"loc":{"start":{"line":93,"column":6},"end":{"line":93,"column":20}},"type":"binary-expr","locations":[{"start":{"line":93,"column":6},"end":{"line":93,"column":11}},{"start":{"line":93,"column":15},"end":{"line":93,"column":20}}],"line":93},"9":{"loc":{"start":{"line":94,"column":2},"end":{"line":94,"column":31}},"type":"if","locations":[{"start":{"line":94,"column":2},"end":{"line":94,"column":31}},{"start":{},"end":{}}],"line":94},"10":{"loc":{"start":{"line":94,"column":6},"end":{"line":94,"column":20}},"type":"binary-expr","locations":[{"start":{"line":94,"column":6},"end":{"line":94,"column":11}},{"start":{"line":94,"column":15},"end":{"line":94,"column":20}}],"line":94},"11":{"loc":{"start":{"line":100,"column":2},"end":{"line":100,"column":42}},"type":"if","locations":[{"start":{"line":100,"column":2},"end":{"line":100,"column":42}},{"start":{},"end":{}}],"line":100},"12":{"loc":{"start":{"line":106,"column":2},"end":{"line":106,"column":32}},"type":"if","locations":[{"start":{"line":106,"column":2},"end":{"line":106,"column":32}},{"start":{},"end":{}}],"line":106},"13":{"loc":{"start":{"line":121,"column":2},"end":{"line":121,"column":35}},"type":"if","locations":[{"start":{"line":121,"column":2},"end":{"line":121,"column":35}},{"start":{},"end":{}}],"line":121},"14":{"loc":{"start":{"line":121,"column":6},"end":{"line":121,"column":20}},"type":"binary-expr","locations":[{"start":{"line":121,"column":6},"end":{"line":121,"column":11}},{"start":{"line":121,"column":15},"end":{"line":121,"column":20}}],"line":121},"15":{"loc":{"start":{"line":126,"column":2},"end":{"line":126,"column":67}},"type":"if","locations":[{"start":{"line":126,"column":2},"end":{"line":126,"column":67}},{"start":{},"end":{}}],"line":126},"16":{"loc":{"start":{"line":126,"column":6},"end":{"line":126,"column":52}},"type":"binary-expr","locations":[{"start":{"line":126,"column":6},"end":{"line":126,"column":27}},{"start":{"line":126,"column":31},"end":{"line":126,"column":52}}],"line":126},"17":{"loc":{"start":{"line":129,"column":2},"end":{"line":131,"column":3}},"type":"if","locations":[{"start":{"line":129,"column":2},"end":{"line":131,"column":3}},{"start":{},"end":{}}],"line":129},"18":{"loc":{"start":{"line":129,"column":6},"end":{"line":129,"column":72}},"type":"binary-expr","locations":[{"start":{"line":129,"column":6},"end":{"line":129,"column":37}},{"start":{"line":129,"column":41},"end":{"line":129,"column":72}}],"line":129},"19":{"loc":{"start":{"line":139,"column":4},"end":{"line":141,"column":5}},"type":"if","locations":[{"start":{"line":139,"column":4},"end":{"line":141,"column":5}},{"start":{},"end":{}}],"line":139},"20":{"loc":{"start":{"line":153,"column":56},"end":{"line":153,"column":64}},"type":"default-arg","locations":[{"start":{"line":153,"column":63},"end":{"line":153,"column":64}}],"line":153},"21":{"loc":{"start":{"line":154,"column":2},"end":{"line":154,"column":73}},"type":"if","locations":[{"start":{"line":154,"column":2},"end":{"line":154,"column":73}},{"start":{},"end":{}}],"line":154},"22":{"loc":{"start":{"line":154,"column":6},"end":{"line":154,"column":61}},"type":"binary-expr","locations":[{"start":{"line":154,"column":6},"end":{"line":154,"column":22}},{"start":{"line":154,"column":26},"end":{"line":154,"column":61}}],"line":154},"23":{"loc":{"start":{"line":212,"column":2},"end":{"line":212,"column":47}},"type":"if","locations":[{"start":{"line":212,"column":2},"end":{"line":212,"column":47}},{"start":{},"end":{}}],"line":212},"24":{"loc":{"start":{"line":212,"column":6},"end":{"line":212,"column":36}},"type":"binary-expr","locations":[{"start":{"line":212,"column":6},"end":{"line":212,"column":19}},{"start":{"line":212,"column":23},"end":{"line":212,"column":36}}],"line":212},"25":{"loc":{"start":{"line":213,"column":2},"end":{"line":213,"column":47}},"type":"if","locations":[{"start":{"line":213,"column":2},"end":{"line":213,"column":47}},{"start":{},"end":{}}],"line":213},"26":{"loc":{"start":{"line":213,"column":6},"end":{"line":213,"column":36}},"type":"binary-expr","locations":[{"start":{"line":213,"column":6},"end":{"line":213,"column":19}},{"start":{"line":213,"column":23},"end":{"line":213,"column":36}}],"line":213},"27":{"loc":{"start":{"line":218,"column":2},"end":{"line":218,"column":57}},"type":"if","locations":[{"start":{"line":218,"column":2},"end":{"line":218,"column":57}},{"start":{},"end":{}}],"line":218},"28":{"loc":{"start":{"line":218,"column":6},"end":{"line":218,"column":46}},"type":"binary-expr","locations":[{"start":{"line":218,"column":6},"end":{"line":218,"column":24}},{"start":{"line":218,"column":28},"end":{"line":218,"column":46}}],"line":218},"29":{"loc":{"start":{"line":219,"column":2},"end":{"line":219,"column":57}},"type":"if","locations":[{"start":{"line":219,"column":2},"end":{"line":219,"column":57}},{"start":{},"end":{}}],"line":219},"30":{"loc":{"start":{"line":219,"column":6},"end":{"line":219,"column":46}},"type":"binary-expr","locations":[{"start":{"line":219,"column":6},"end":{"line":219,"column":24}},{"start":{"line":219,"column":28},"end":{"line":219,"column":46}}],"line":219},"31":{"loc":{"start":{"line":228,"column":6},"end":{"line":231,"column":7}},"type":"if","locations":[{"start":{"line":228,"column":6},"end":{"line":231,"column":7}},{"start":{},"end":{}}],"line":228},"32":{"loc":{"start":{"line":245,"column":49},"end":{"line":245,"column":65}},"type":"default-arg","locations":[{"start":{"line":245,"column":56},"end":{"line":245,"column":65}}],"line":245}},"s":{"0":38,"1":3,"2":35,"3":35,"4":35,"5":138,"6":35,"7":35,"8":138,"9":35,"10":35,"11":156,"12":35,"13":35,"14":103,"15":103,"16":442,"17":442,"18":35,"19":122,"20":0,"21":122,"22":122,"23":122,"24":122,"25":122,"26":2928,"27":122,"28":122,"29":732,"30":122,"31":55,"32":1,"33":54,"34":2,"35":52,"36":52,"37":52,"38":23,"39":29,"40":29,"41":29,"42":0,"43":29,"44":29,"45":5,"46":0,"47":5,"48":5,"49":5,"50":0,"51":5,"52":3,"53":2,"54":2,"55":2,"56":2,"57":4,"58":4,"59":1,"60":1,"61":14,"62":3,"63":11,"64":11,"65":11,"66":77,"67":77,"68":173,"69":77,"70":11,"71":39,"72":39,"73":39,"74":39,"75":156,"76":39,"77":39,"78":39,"79":39,"80":39,"81":39,"82":39,"83":39,"84":11,"85":4,"86":0,"87":4,"88":0,"89":4,"90":4,"91":4,"92":0,"93":4,"94":0,"95":4,"96":4,"97":4,"98":12,"99":28,"100":28,"101":8,"102":8,"103":4,"104":0,"105":0,"106":0,"107":0,"108":0,"109":0,"110":0,"111":0},"f":{"0":38,"1":138,"2":122,"3":55,"4":5,"5":14,"6":39,"7":39,"8":39,"9":156,"10":39,"11":39,"12":4,"13":0},"b":{"0":[3,35],"1":[38,36],"2":[3,2],"3":[3,2],"4":[39,403],"5":[0,122],"6":[122,122],"7":[1,54],"8":[55,2],"9":[2,52],"10":[54,53],"11":[23,29],"12":[0,29],"13":[0,5],"14":[5,5],"15":[0,5],"16":[5,5],"17":[3,2],"18":[5,4],"19":[1,3],"20":[11],"21":[3,11],"22":[14,11],"23":[0,4],"24":[4,0],"25":[0,4],"26":[4,4],"27":[0,4],"28":[4,0],"29":[0,4],"30":[4,4],"31":[8,20],"32":[0]},"inputSourceMap":null,"_coverageSchema":"1a1c01bbd47fc00a2c39e90264f33305004495a9","hash":"9186f81541c1dc293fe0487caea1f17ce4358eb8"}
}
