TN:
SF:src/config/database.js
FN:13,(anonymous_0)
FN:24,(anonymous_1)
FNF:2
FNH:1
FNDA:8,(anonymous_0)
FNDA:0,(anonymous_1)
DA:6,1
DA:9,1
DA:14,8
DA:24,1
DA:25,0
DA:26,0
DA:27,0
DA:28,0
DA:30,0
DA:31,0
LF:10
LH:4
BRDA:26,0,0,0
BRDA:26,0,1,0
BRF:2
BRH:0
end_of_record
TN:
SF:src/services/vlmService.js
FN:19,analyzeImage
FN:75,parseVlmOutput
FN:98,(anonymous_2)
FN:99,(anonymous_3)
FNF:4
FNH:3
FNDA:0,analyzeImage
FNDA:4,parseVlmOutput
FNDA:5,(anonymous_2)
FNDA:5,(anonymous_3)
DA:6,1
DA:9,1
DA:20,0
DA:21,0
DA:24,0
DA:40,0
DA:61,0
DA:62,0
DA:63,0
DA:65,0
DA:66,0
DA:76,4
DA:77,4
DA:80,4
DA:81,4
DA:82,1
DA:86,3
DA:89,3
DA:90,1
DA:94,2
DA:96,1
DA:98,5
DA:99,5
DA:101,1
DA:104,2
DA:105,2
DA:107,2
DA:108,2
LF:28
LH:19
BRDA:10,0,0,1
BRDA:10,0,1,0
BRDA:11,1,0,1
BRDA:11,1,1,0
BRDA:41,2,0,0
BRDA:41,2,1,0
BRDA:81,3,0,1
BRDA:81,3,1,3
BRDA:89,4,0,1
BRDA:89,4,1,2
BRDA:89,5,0,3
BRDA:89,5,1,2
BRDA:89,5,2,2
BRDA:89,5,3,2
BRDA:94,6,0,1
BRDA:94,6,1,1
BRDA:94,7,0,2
BRDA:94,7,1,1
BRDA:94,7,2,1
BRF:19
BRH:15
end_of_record
