TN:
SF:src/config/database.js
FN:13,(anonymous_0)
FN:33,(anonymous_1)
FN:46,(anonymous_2)
FNF:3
FNH:2
FNDA:10,(anonymous_0)
FNDA:0,(anonymous_1)
FNDA:4,(anonymous_2)
DA:6,1
DA:9,1
DA:14,10
DA:24,1
DA:30,1
DA:33,1
DA:34,0
DA:35,0
DA:36,0
DA:37,0
DA:38,0
DA:40,0
DA:41,0
DA:46,1
DA:47,4
LF:15
LH:8
BRDA:35,0,0,0
BRDA:35,0,1,0
BRF:2
BRH:0
end_of_record
TN:
SF:src/controllers/recommendationController.js
FN:11,generateHealthScore
FN:31,getProductCategories
FN:41,(anonymous_2)
FN:42,(anonymous_3)
FN:78,getRecommendedProducts
FN:102,(anonymous_5)
FN:107,(anonymous_6)
FN:135,(anonymous_7)
FNF:8
FNH:2
FNDA:0,generateHealthScore
FNDA:1,getProductCategories
FNDA:0,(anonymous_2)
FNDA:0,(anonymous_3)
FNDA:3,getRecommendedProducts
FNDA:0,(anonymous_5)
FNDA:0,(anonymous_6)
FNDA:0,(anonymous_7)
DA:13,0
DA:14,0
DA:15,0
DA:16,0
DA:17,0
DA:21,0
DA:22,0
DA:32,1
DA:33,1
DA:35,1
DA:36,1
DA:38,1
DA:40,0
DA:41,0
DA:42,0
DA:43,0
DA:46,1
DA:47,1
DA:48,0
DA:52,0
DA:54,0
DA:55,0
DA:63,1
DA:64,1
DA:79,3
DA:80,3
DA:82,3
DA:84,3
DA:85,3
DA:87,3
DA:89,0
DA:90,0
DA:91,0
DA:94,3
DA:95,3
DA:96,3
DA:97,0
DA:101,0
DA:102,0
DA:103,0
DA:107,0
DA:108,0
DA:111,0
DA:112,0
DA:113,0
DA:114,0
DA:115,0
DA:116,0
DA:117,0
DA:119,0
DA:122,0
DA:134,0
DA:135,0
DA:139,0
DA:141,0
DA:143,0
DA:154,1
DA:155,1
LF:58
LH:20
BRDA:38,0,0,0
BRDA:38,0,1,1
BRDA:67,1,0,0
BRDA:67,1,1,1
BRDA:80,2,0,3
BRDA:80,3,0,3
BRDA:80,4,0,1
BRDA:87,5,0,0
BRDA:87,5,1,3
BRDA:101,6,0,0
BRDA:101,6,1,0
BRDA:112,7,0,0
BRDA:112,7,1,0
BRDA:114,8,0,0
BRDA:114,8,1,0
BRDA:116,9,0,0
BRDA:116,9,1,0
BRDA:134,10,0,0
BRDA:134,10,1,0
BRDA:158,11,0,0
BRDA:158,11,1,1
BRF:21
BRH:7
end_of_record
TN:
SF:src/models/Product.js
FN:36,(anonymous_0)
FN:46,(anonymous_1)
FN:54,(anonymous_2)
FNF:3
FNH:0
FNDA:0,(anonymous_0)
FNDA:0,(anonymous_1)
FNDA:0,(anonymous_2)
DA:6,1
DA:32,1
DA:37,0
DA:38,0
DA:39,0
DA:40,0
DA:41,0
DA:42,0
DA:43,0
DA:47,0
DA:48,0
DA:49,0
DA:54,1
DA:55,0
DA:57,0
DA:58,0
DA:60,0
LF:17
LH:3
BRDA:57,0,0,0
BRDA:57,0,1,0
BRF:2
BRH:0
end_of_record
